<?xml version="1.0" encoding="UTF-8"?>
<testsuite xmlns:xsi="http://www.w3.org/2001/XMLSchema-instance" xsi:noNamespaceSchemaLocation="https://maven.apache.org/surefire/maven-surefire-plugin/xsd/surefire-test-report.xsd" name="com.example.todoservice.service.TodoServiceTest" time="0.291" tests="7" errors="0" skipped="0" failures="0">
  <properties>
[...]
</properties>
  <testcase name="testFindAll" classname="com.example.todoservice.service.TodoServiceTest" time="0.251"/>
  <testcase name="testSave" classname="com.example.todoservice.service.TodoServiceTest" time="0.01"/>
  <testcase name="testFindById" classname="com.example.todoservice.service.TodoServiceTest" time="0.007"/>
  <testcase name="testOperationWithoutLogin" classname="com.example.todoservice.service.TodoServiceTest" time="0.004"/>
  <testcase name="testDeleteById" classname="com.example.todoservice.service.TodoServiceTest" time="0.006"/>
  <testcase name="testDeleteNonExistentTodo" classname="com.example.todoservice.service.TodoServiceTest" time="0.004"/>
  <testcase name="testAccessOtherUserTodo" classname="com.example.todoservice.service.TodoServiceTest" time="0.004"/>
</testsuite>